<?xml version="1.0" encoding="UTF-8"?>
<!-- Generated by org.testng.reporters.JUnitReportReporter -->
<testsuite hostname="MSI" failures="0" tests="1" name="tests.TwoTest" time="18.403" errors="0" timestamp="2022-06-26T16:54:52 IST" skipped="0">
  <testcase classname="tests.TwoTest" name="testTwo" time="18.403"/>
  <system-out/>
</testsuite> <!-- tests.TwoTest -->
