<?xml version="1.0" encoding="UTF-8"?>
<!-- Generated by org.testng.reporters.JUnitReportReporter -->
<testsuite hostname="MSI" failures="0" tests="1" name="runner.Runner" time="9.060" errors="0" timestamp="2022-06-26T17:18:07 IST" skipped="0">
  <testcase classname="runner.Runner" name="runScenario" time="9.060"/>
  <system-out/>
</testsuite> <!-- runner.Runner -->
