<?xml version="1.0" encoding="UTF-8"?>
<!-- Generated by org.testng.reporters.JUnitReportReporter -->
<testsuite hostname="MSI" failures="0" tests="2" name="tests.LoginTest" time="18.213" errors="0" timestamp="2022-06-26T21:25:19 IST" skipped="0">
  <testcase classname="tests.LoginTest" name="login" time="3.459"/>
  <system-out/>
  <testcase classname="tests.LoginTest" name="login" time="14.754"/>
  <system-out/>
</testsuite> <!-- tests.LoginTest -->
